Sentence #1 (6 tokens):
Ann went to the room.
[Text=Ann CharacterOffsetBegin=0 CharacterOffsetEnd=3 PartOfSpeech=NNP Lemma=Ann NamedEntityTag=PERSON]
[Text=went CharacterOffsetBegin=4 CharacterOffsetEnd=8 PartOfSpeech=VBD Lemma=go NamedEntityTag=O]
[Text=to CharacterOffsetBegin=9 CharacterOffsetEnd=11 PartOfSpeech=TO Lemma=to NamedEntityTag=O]
[Text=the CharacterOffsetBegin=12 CharacterOffsetEnd=15 PartOfSpeech=DT Lemma=the NamedEntityTag=O]
[Text=room CharacterOffsetBegin=16 CharacterOffsetEnd=20 PartOfSpeech=NN Lemma=room NamedEntityTag=O]
[Text=. CharacterOffsetBegin=20 CharacterOffsetEnd=21 PartOfSpeech=. Lemma=. NamedEntityTag=O]
(ROOT
  (S
    (NP (NNP Ann))
    (VP (VBD went)
      (PP (TO to)
        (NP (DT the) (NN room))))
    (. .)))

root(ROOT-0, went-2)
nsubj(went-2, Ann-1)
case(room-5, to-3)
det(room-5, the-4)
nmod:to(went-2, room-5)
punct(went-2, .-6)

Sentence #2 (5 tokens):
Michael left the room.
[Text=Michael CharacterOffsetBegin=22 CharacterOffsetEnd=29 PartOfSpeech=NNP Lemma=Michael NamedEntityTag=PERSON]
[Text=left CharacterOffsetBegin=30 CharacterOffsetEnd=34 PartOfSpeech=VBD Lemma=leave NamedEntityTag=O]
[Text=the CharacterOffsetBegin=35 CharacterOffsetEnd=38 PartOfSpeech=DT Lemma=the NamedEntityTag=O]
[Text=room CharacterOffsetBegin=39 CharacterOffsetEnd=43 PartOfSpeech=NN Lemma=room NamedEntityTag=O]
[Text=. CharacterOffsetBegin=43 CharacterOffsetEnd=44 PartOfSpeech=. Lemma=. NamedEntityTag=O]
(ROOT
  (S
    (NP (NNP Michael))
    (VP (VBD left)
      (NP (DT the) (NN room)))
    (. .)))

root(ROOT-0, left-2)
nsubj(left-2, Michael-1)
det(room-4, the-3)
dobj(left-2, room-4)
punct(left-2, .-5)

Coreference set:
	(2,4,[3,5]) -> (1,5,[4,6]), that is: "the room" -> "the room"
