Sentence #1 (6 tokens):
John travelled to the hallway.
[Text=John CharacterOffsetBegin=0 CharacterOffsetEnd=4 PartOfSpeech=NNP Lemma=John NamedEntityTag=PERSON]
[Text=travelled CharacterOffsetBegin=5 CharacterOffsetEnd=14 PartOfSpeech=VBD Lemma=travel NamedEntityTag=O]
[Text=to CharacterOffsetBegin=15 CharacterOffsetEnd=17 PartOfSpeech=TO Lemma=to NamedEntityTag=O]
[Text=the CharacterOffsetBegin=18 CharacterOffsetEnd=21 PartOfSpeech=DT Lemma=the NamedEntityTag=O]
[Text=hallway CharacterOffsetBegin=22 CharacterOffsetEnd=29 PartOfSpeech=NN Lemma=hallway NamedEntityTag=O]
[Text=. CharacterOffsetBegin=29 CharacterOffsetEnd=30 PartOfSpeech=. Lemma=. NamedEntityTag=O]
(ROOT
  (S
    (NP (NNP John))
    (VP (VBD travelled)
      (PP (TO to)
        (NP (DT the) (NN hallway))))
    (. .)))

root(ROOT-0, travelled-2)
nsubj(travelled-2, John-1)
case(hallway-5, to-3)
det(hallway-5, the-4)
nmod:to(travelled-2, hallway-5)
punct(travelled-2, .-6)

Sentence #2 (6 tokens):
Mary journeyed to the bathroom.
[Text=Mary CharacterOffsetBegin=31 CharacterOffsetEnd=35 PartOfSpeech=NNP Lemma=Mary NamedEntityTag=PERSON]
[Text=journeyed CharacterOffsetBegin=36 CharacterOffsetEnd=45 PartOfSpeech=VBD Lemma=journey NamedEntityTag=O]
[Text=to CharacterOffsetBegin=46 CharacterOffsetEnd=48 PartOfSpeech=TO Lemma=to NamedEntityTag=O]
[Text=the CharacterOffsetBegin=49 CharacterOffsetEnd=52 PartOfSpeech=DT Lemma=the NamedEntityTag=O]
[Text=bathroom CharacterOffsetBegin=53 CharacterOffsetEnd=61 PartOfSpeech=NN Lemma=bathroom NamedEntityTag=O]
[Text=. CharacterOffsetBegin=61 CharacterOffsetEnd=62 PartOfSpeech=. Lemma=. NamedEntityTag=O]
(ROOT
  (S
    (NP (NNP Mary))
    (VP (VBD journeyed)
      (PP (TO to)
        (NP (DT the) (NN bathroom))))
    (. .)))

root(ROOT-0, journeyed-2)
nsubj(journeyed-2, Mary-1)
case(bathroom-5, to-3)
det(bathroom-5, the-4)
nmod:to(journeyed-2, bathroom-5)
punct(journeyed-2, .-6)

Sentence #3 (7 tokens):
Daniel went back to the bathroom.
[Text=Daniel CharacterOffsetBegin=63 CharacterOffsetEnd=69 PartOfSpeech=NNP Lemma=Daniel NamedEntityTag=PERSON]
[Text=went CharacterOffsetBegin=70 CharacterOffsetEnd=74 PartOfSpeech=VBD Lemma=go NamedEntityTag=O]
[Text=back CharacterOffsetBegin=75 CharacterOffsetEnd=79 PartOfSpeech=RB Lemma=back NamedEntityTag=O]
[Text=to CharacterOffsetBegin=80 CharacterOffsetEnd=82 PartOfSpeech=TO Lemma=to NamedEntityTag=O]
[Text=the CharacterOffsetBegin=83 CharacterOffsetEnd=86 PartOfSpeech=DT Lemma=the NamedEntityTag=O]
[Text=bathroom CharacterOffsetBegin=87 CharacterOffsetEnd=95 PartOfSpeech=NN Lemma=bathroom NamedEntityTag=O]
[Text=. CharacterOffsetBegin=95 CharacterOffsetEnd=96 PartOfSpeech=. Lemma=. NamedEntityTag=O]
(ROOT
  (S
    (NP (NNP Daniel))
    (VP (VBD went)
      (ADVP (RB back))
      (PP (TO to)
        (NP (DT the) (NN bathroom))))
    (. .)))

root(ROOT-0, went-2)
nsubj(went-2, Daniel-1)
advmod(went-2, back-3)
case(bathroom-6, to-4)
det(bathroom-6, the-5)
nmod:to(went-2, bathroom-6)
punct(went-2, .-7)

Sentence #4 (6 tokens):
John moved to the bedroom.
[Text=John CharacterOffsetBegin=97 CharacterOffsetEnd=101 PartOfSpeech=NNP Lemma=John NamedEntityTag=PERSON]
[Text=moved CharacterOffsetBegin=102 CharacterOffsetEnd=107 PartOfSpeech=VBD Lemma=move NamedEntityTag=O]
[Text=to CharacterOffsetBegin=108 CharacterOffsetEnd=110 PartOfSpeech=TO Lemma=to NamedEntityTag=O]
[Text=the CharacterOffsetBegin=111 CharacterOffsetEnd=114 PartOfSpeech=DT Lemma=the NamedEntityTag=O]
[Text=bedroom CharacterOffsetBegin=115 CharacterOffsetEnd=122 PartOfSpeech=NN Lemma=bedroom NamedEntityTag=O]
[Text=. CharacterOffsetBegin=122 CharacterOffsetEnd=123 PartOfSpeech=. Lemma=. NamedEntityTag=O]
(ROOT
  (S
    (NP (NNP John))
    (VP (VBD moved)
      (PP (TO to)
        (NP (DT the) (NN bedroom))))
    (. .)))

root(ROOT-0, moved-2)
nsubj(moved-2, John-1)
case(bedroom-5, to-3)
det(bedroom-5, the-4)
nmod:to(moved-2, bedroom-5)
punct(moved-2, .-6)

Sentence #5 (6 tokens):
John went to the hallway.
[Text=John CharacterOffsetBegin=124 CharacterOffsetEnd=128 PartOfSpeech=NNP Lemma=John NamedEntityTag=PERSON]
[Text=went CharacterOffsetBegin=129 CharacterOffsetEnd=133 PartOfSpeech=VBD Lemma=go NamedEntityTag=O]
[Text=to CharacterOffsetBegin=134 CharacterOffsetEnd=136 PartOfSpeech=TO Lemma=to NamedEntityTag=O]
[Text=the CharacterOffsetBegin=137 CharacterOffsetEnd=140 PartOfSpeech=DT Lemma=the NamedEntityTag=O]
[Text=hallway CharacterOffsetBegin=141 CharacterOffsetEnd=148 PartOfSpeech=NN Lemma=hallway NamedEntityTag=O]
[Text=. CharacterOffsetBegin=148 CharacterOffsetEnd=149 PartOfSpeech=. Lemma=. NamedEntityTag=O]
(ROOT
  (S
    (NP (NNP John))
    (VP (VBD went)
      (PP (TO to)
        (NP (DT the) (NN hallway))))
    (. .)))

root(ROOT-0, went-2)
nsubj(went-2, John-1)
case(hallway-5, to-3)
det(hallway-5, the-4)
nmod:to(went-2, hallway-5)
punct(went-2, .-6)

Sentence #6 (6 tokens):
Sandra journeyed to the kitchen.
[Text=Sandra CharacterOffsetBegin=150 CharacterOffsetEnd=156 PartOfSpeech=NNP Lemma=Sandra NamedEntityTag=PERSON]
[Text=journeyed CharacterOffsetBegin=157 CharacterOffsetEnd=166 PartOfSpeech=VBD Lemma=journey NamedEntityTag=O]
[Text=to CharacterOffsetBegin=167 CharacterOffsetEnd=169 PartOfSpeech=TO Lemma=to NamedEntityTag=O]
[Text=the CharacterOffsetBegin=170 CharacterOffsetEnd=173 PartOfSpeech=DT Lemma=the NamedEntityTag=O]
[Text=kitchen CharacterOffsetBegin=174 CharacterOffsetEnd=181 PartOfSpeech=NN Lemma=kitchen NamedEntityTag=O]
[Text=. CharacterOffsetBegin=181 CharacterOffsetEnd=182 PartOfSpeech=. Lemma=. NamedEntityTag=O]
(ROOT
  (S
    (NP (NNP Sandra))
    (VP (VBD journeyed)
      (PP (TO to)
        (NP (DT the) (NN kitchen))))
    (. .)))

root(ROOT-0, journeyed-2)
nsubj(journeyed-2, Sandra-1)
case(kitchen-5, to-3)
det(kitchen-5, the-4)
nmod:to(journeyed-2, kitchen-5)
punct(journeyed-2, .-6)

Sentence #7 (6 tokens):
Sandra travelled to the hallway.
[Text=Sandra CharacterOffsetBegin=183 CharacterOffsetEnd=189 PartOfSpeech=NNP Lemma=Sandra NamedEntityTag=PERSON]
[Text=travelled CharacterOffsetBegin=190 CharacterOffsetEnd=199 PartOfSpeech=VBD Lemma=travel NamedEntityTag=O]
[Text=to CharacterOffsetBegin=200 CharacterOffsetEnd=202 PartOfSpeech=TO Lemma=to NamedEntityTag=O]
[Text=the CharacterOffsetBegin=203 CharacterOffsetEnd=206 PartOfSpeech=DT Lemma=the NamedEntityTag=O]
[Text=hallway CharacterOffsetBegin=207 CharacterOffsetEnd=214 PartOfSpeech=NN Lemma=hallway NamedEntityTag=O]
[Text=. CharacterOffsetBegin=214 CharacterOffsetEnd=215 PartOfSpeech=. Lemma=. NamedEntityTag=O]
(ROOT
  (S
    (NP (NNP Sandra))
    (VP (VBD travelled)
      (PP (TO to)
        (NP (DT the) (NN hallway))))
    (. .)))

root(ROOT-0, travelled-2)
nsubj(travelled-2, Sandra-1)
case(hallway-5, to-3)
det(hallway-5, the-4)
nmod:to(travelled-2, hallway-5)
punct(travelled-2, .-6)

Sentence #8 (6 tokens):
John went to the garden.
[Text=John CharacterOffsetBegin=216 CharacterOffsetEnd=220 PartOfSpeech=NNP Lemma=John NamedEntityTag=PERSON]
[Text=went CharacterOffsetBegin=221 CharacterOffsetEnd=225 PartOfSpeech=VBD Lemma=go NamedEntityTag=O]
[Text=to CharacterOffsetBegin=226 CharacterOffsetEnd=228 PartOfSpeech=TO Lemma=to NamedEntityTag=O]
[Text=the CharacterOffsetBegin=229 CharacterOffsetEnd=232 PartOfSpeech=DT Lemma=the NamedEntityTag=O]
[Text=garden CharacterOffsetBegin=233 CharacterOffsetEnd=239 PartOfSpeech=NN Lemma=garden NamedEntityTag=O]
[Text=. CharacterOffsetBegin=239 CharacterOffsetEnd=240 PartOfSpeech=. Lemma=. NamedEntityTag=O]
(ROOT
  (S
    (NP (NNP John))
    (VP (VBD went)
      (PP (TO to)
        (NP (DT the) (NN garden))))
    (. .)))

root(ROOT-0, went-2)
nsubj(went-2, John-1)
case(garden-5, to-3)
det(garden-5, the-4)
nmod:to(went-2, garden-5)
punct(went-2, .-6)

Sentence #9 (7 tokens):
Sandra went back to the bathroom.
[Text=Sandra CharacterOffsetBegin=241 CharacterOffsetEnd=247 PartOfSpeech=NNP Lemma=Sandra NamedEntityTag=PERSON]
[Text=went CharacterOffsetBegin=248 CharacterOffsetEnd=252 PartOfSpeech=VBD Lemma=go NamedEntityTag=O]
[Text=back CharacterOffsetBegin=253 CharacterOffsetEnd=257 PartOfSpeech=RB Lemma=back NamedEntityTag=O]
[Text=to CharacterOffsetBegin=258 CharacterOffsetEnd=260 PartOfSpeech=TO Lemma=to NamedEntityTag=O]
[Text=the CharacterOffsetBegin=261 CharacterOffsetEnd=264 PartOfSpeech=DT Lemma=the NamedEntityTag=O]
[Text=bathroom CharacterOffsetBegin=265 CharacterOffsetEnd=273 PartOfSpeech=NN Lemma=bathroom NamedEntityTag=O]
[Text=. CharacterOffsetBegin=273 CharacterOffsetEnd=274 PartOfSpeech=. Lemma=. NamedEntityTag=O]
(ROOT
  (S
    (NP (NNP Sandra))
    (VP (VBD went)
      (ADVP (RB back))
      (PP (TO to)
        (NP (DT the) (NN bathroom))))
    (. .)))

root(ROOT-0, went-2)
nsubj(went-2, Sandra-1)
advmod(went-2, back-3)
case(bathroom-6, to-4)
det(bathroom-6, the-5)
nmod:to(went-2, bathroom-6)
punct(went-2, .-7)

Sentence #10 (6 tokens):
Sandra moved to the kitchen.
[Text=Sandra CharacterOffsetBegin=275 CharacterOffsetEnd=281 PartOfSpeech=NNP Lemma=Sandra NamedEntityTag=PERSON]
[Text=moved CharacterOffsetBegin=282 CharacterOffsetEnd=287 PartOfSpeech=VBD Lemma=move NamedEntityTag=O]
[Text=to CharacterOffsetBegin=288 CharacterOffsetEnd=290 PartOfSpeech=TO Lemma=to NamedEntityTag=O]
[Text=the CharacterOffsetBegin=291 CharacterOffsetEnd=294 PartOfSpeech=DT Lemma=the NamedEntityTag=O]
[Text=kitchen CharacterOffsetBegin=295 CharacterOffsetEnd=302 PartOfSpeech=NN Lemma=kitchen NamedEntityTag=O]
[Text=. CharacterOffsetBegin=302 CharacterOffsetEnd=303 PartOfSpeech=. Lemma=. NamedEntityTag=O]
(ROOT
  (S
    (NP (NNP Sandra))
    (VP (VBD moved)
      (PP (TO to)
        (NP (DT the) (NN kitchen))))
    (. .)))

root(ROOT-0, moved-2)
nsubj(moved-2, Sandra-1)
case(kitchen-5, to-3)
det(kitchen-5, the-4)
nmod:to(moved-2, kitchen-5)
punct(moved-2, .-6)

Coreference set:
	(4,1,[1,2]) -> (1,1,[1,2]), that is: "John" -> "John"
	(5,1,[1,2]) -> (1,1,[1,2]), that is: "John" -> "John"
	(8,1,[1,2]) -> (1,1,[1,2]), that is: "John" -> "John"
Coreference set:
	(5,5,[4,6]) -> (1,5,[4,6]), that is: "the hallway" -> "the hallway"
	(7,5,[4,6]) -> (1,5,[4,6]), that is: "the hallway" -> "the hallway"
Coreference set:
	(3,6,[5,7]) -> (2,5,[4,6]), that is: "the bathroom" -> "the bathroom"
	(9,6,[5,7]) -> (2,5,[4,6]), that is: "the bathroom" -> "the bathroom"
Coreference set:
	(7,1,[1,2]) -> (6,1,[1,2]), that is: "Sandra" -> "Sandra"
	(9,1,[1,2]) -> (6,1,[1,2]), that is: "Sandra" -> "Sandra"
	(10,1,[1,2]) -> (6,1,[1,2]), that is: "Sandra" -> "Sandra"
Coreference set:
	(10,5,[4,6]) -> (6,5,[4,6]), that is: "the kitchen" -> "the kitchen"
